app/build/outputs/logs/manifest-merger-debug-report.txt
-- Merging decision tree log ---
manifest
ADDED from src\main\AndroidManifest.xml:2:1-26:12
	package
		ADDED from src\main\AndroidManifest.xml:2:11-47
		INJECTED from src\main\AndroidManifest.xml
		INJECTED from src\main\AndroidManifest.xml
	android:versionName
		INJECTED from src\main\AndroidManifest.xml
		INJECTED from src\main\AndroidManifest.xml
	xmlns:android
		ADDED from src\main\AndroidManifest.xml:3:11-69
	android:versionCode
		INJECTED from src\main\AndroidManifest.xml
		INJECTED from src\main\AndroidManifest.xml
application
ADDED from src\main\AndroidManifest.xml:5:3-24:17
MERGED from [com.android.support:appcompat-v7:23.1.1] AndroidManifest.xml:22:5-20
MERGED from [com.android.support:support-v4:23.1.1] AndroidManifest.xml:22:5-20
	android:label
		ADDED from src\main\AndroidManifest.xml:8:5-37
	android:supportsRtl
		ADDED from src\main\AndroidManifest.xml:9:5-31
	android:allowBackup
		ADDED from src\main\AndroidManifest.xml:6:5-31
	android:icon
		ADDED from src\main\AndroidManifest.xml:7:5-39
	android:theme
		ADDED from src\main\AndroidManifest.xml:10:5-36
activity#me.icalicul.afrizal.siapun.TitleActivity
ADDED from src\main\AndroidManifest.xml:11:5-17:16
	android:name
		ADDED from src\main\AndroidManifest.xml:11:15-44
intent-filter#android.intent.action.MAIN+android.intent.category.LAUNCHER
ADDED from src\main\AndroidManifest.xml:12:7-16:23
action#android.intent.action.MAIN
ADDED from src\main\AndroidManifest.xml:13:9-60
	android:name
		ADDED from src\main\AndroidManifest.xml:13:17-58
category#android.intent.category.LAUNCHER
ADDED from src\main\AndroidManifest.xml:15:9-68
	android:name
		ADDED from src\main\AndroidManifest.xml:15:19-66
activity#me.icalicul.afrizal.siapun.HistoryMenuActivity
ADDED from src\main\AndroidManifest.xml:18:5-52
	android:name
		ADDED from src\main\AndroidManifest.xml:18:15-50
activity#me.icalicul.afrizal.siapun.ExerciseActivity
ADDED from src\main\AndroidManifest.xml:19:5-49
	android:name
		ADDED from src\main\AndroidManifest.xml:19:15-47
activity#me.icalicul.afrizal.siapun.ResultActivity
ADDED from src\main\AndroidManifest.xml:20:5-21:16
	android:name
		ADDED from src\main\AndroidManifest.xml:20:15-45
activity#me.icalicul.afrizal.siapun.ExerciseMenuActivity
ADDED from src\main\AndroidManifest.xml:22:5-23:16
	android:name
		ADDED from src\main\AndroidManifest.xml:22:15-51
uses-sdk
INJECTED from src\main\AndroidManifest.xml reason: use-sdk injection requested
MERGED from [com.android.support:appcompat-v7:23.1.1] AndroidManifest.xml:20:5-43
MERGED from [com.android.support:support-v4:23.1.1] AndroidManifest.xml:20:5-43
	android:targetSdkVersion
		INJECTED from src\main\AndroidManifest.xml
		INJECTED from src\main\AndroidManifest.xml
	android:minSdkVersion
		INJECTED from src\main\AndroidManifest.xml
		INJECTED from src\main\AndroidManifest.xml